c:\users\bobwrit\documents\code\eggn 491-492 senior design\kinect samples\skeletonbasics-d2d\debug\skeletonbasics.obj
c:\users\bobwrit\documents\code\eggn 491-492 senior design\kinect samples\skeletonbasics-d2d\debug\vc100.pdb
c:\users\bobwrit\documents\code\eggn 491-492 senior design\kinect samples\skeletonbasics-d2d\debug\skeletonbasics-d2d.ilk
c:\users\bobwrit\documents\code\eggn 491-492 senior design\kinect samples\skeletonbasics-d2d\debug\skeletonbasics-d2d.exe
c:\users\bobwrit\documents\code\eggn 491-492 senior design\kinect samples\skeletonbasics-d2d\debug\skeletonbasics-d2d.exe.intermediate.manifest
c:\users\bobwrit\documents\code\eggn 491-492 senior design\kinect samples\skeletonbasics-d2d\debug\skeletonbasics-d2d.pdb
c:\users\bobwrit\documents\code\eggn 491-492 senior design\kinect samples\skeletonbasics-d2d\debug\skeletonbasics-d2d.exe.embed.manifest
c:\users\bobwrit\documents\code\eggn 491-492 senior design\kinect samples\skeletonbasics-d2d\debug\skeletonbasics.res
c:\users\bobwrit\documents\code\eggn 491-492 senior design\kinect samples\skeletonbasics-d2d\debug\skeletonbasics-d2d.exe.embed.manifest.res
c:\users\bobwrit\documents\code\eggn 491-492 senior design\kinect samples\skeletonbasics-d2d\debug\vc120.pdb
c:\users\bobwrit\documents\code\eggn 491-492 senior design\kinect samples\skeletonbasics-d2d\debug\vc120.idb
c:\users\bobwrit\documents\code\eggn 491-492 senior design\kinect samples\skeletonbasics-d2d\debug\skeletonbasics-d2d.vcxprojresolveassemblyreference.cache
c:\users\bobwrit\documents\code\eggn 491-492 senior design\kinect samples\skeletonbasics-d2d\debug\cl.command.1.tlog
c:\users\bobwrit\documents\code\eggn 491-492 senior design\kinect samples\skeletonbasics-d2d\debug\cl.read.1.tlog
c:\users\bobwrit\documents\code\eggn 491-492 senior design\kinect samples\skeletonbasics-d2d\debug\cl.write.1.tlog
c:\users\bobwrit\documents\code\eggn 491-492 senior design\kinect samples\skeletonbasics-d2d\debug\link-cvtres.read.1.tlog
c:\users\bobwrit\documents\code\eggn 491-492 senior design\kinect samples\skeletonbasics-d2d\debug\link-cvtres.write.1.tlog
c:\users\bobwrit\documents\code\eggn 491-492 senior design\kinect samples\skeletonbasics-d2d\debug\link.command.1.tlog
c:\users\bobwrit\documents\code\eggn 491-492 senior design\kinect samples\skeletonbasics-d2d\debug\link.read.1.tlog
c:\users\bobwrit\documents\code\eggn 491-492 senior design\kinect samples\skeletonbasics-d2d\debug\link.write.1.tlog
c:\users\bobwrit\documents\code\eggn 491-492 senior design\kinect samples\skeletonbasics-d2d\debug\mt.command.1.tlog
c:\users\bobwrit\documents\code\eggn 491-492 senior design\kinect samples\skeletonbasics-d2d\debug\mt.read.1.tlog
c:\users\bobwrit\documents\code\eggn 491-492 senior design\kinect samples\skeletonbasics-d2d\debug\mt.write.1.tlog
c:\users\bobwrit\documents\code\eggn 491-492 senior design\kinect samples\skeletonbasics-d2d\debug\rc.command.1.tlog
c:\users\bobwrit\documents\code\eggn 491-492 senior design\kinect samples\skeletonbasics-d2d\debug\rc.read.1.tlog
c:\users\bobwrit\documents\code\eggn 491-492 senior design\kinect samples\skeletonbasics-d2d\debug\rc.write.1.tlog
c:\users\bobwrit\documents\code\eggn 491-492 senior design\kinect samples\skeletonbasics-d2d\debug\skeletonbasics-d2d.write.1.tlog
c:\users\bobwrit\documents\code\eggn 491-492 senior design\kinect samples\skeletonbasics-d2d\debug\vc100.idb
c:\users\bobwrit\documents\code\eggn 491-492 senior design\kinect samples\skeletonbasics-d2d\debug\skeletonbasics-d2d_manifest.rc
c:\users\bobwrit\documents\code\eggn 491-492 senior design\kinect samples\skeletonbasics-d2d\debug\skeleton.a0e290c0.tlog\cl.command.1.tlog
c:\users\bobwrit\documents\code\eggn 491-492 senior design\kinect samples\skeletonbasics-d2d\debug\skeleton.a0e290c0.tlog\cl.read.1.tlog
c:\users\bobwrit\documents\code\eggn 491-492 senior design\kinect samples\skeletonbasics-d2d\debug\skeleton.a0e290c0.tlog\cl.write.1.tlog
c:\users\bobwrit\documents\code\eggn 491-492 senior design\kinect samples\skeletonbasics-d2d\debug\skeleton.a0e290c0.tlog\link.command.1.tlog
c:\users\bobwrit\documents\code\eggn 491-492 senior design\kinect samples\skeletonbasics-d2d\debug\skeleton.a0e290c0.tlog\link.read.1.tlog
c:\users\bobwrit\documents\code\eggn 491-492 senior design\kinect samples\skeletonbasics-d2d\debug\skeleton.a0e290c0.tlog\link.write.1.tlog
c:\users\bobwrit\documents\code\eggn 491-492 senior design\kinect samples\skeletonbasics-d2d\debug\skeleton.a0e290c0.tlog\rc.command.1.tlog
c:\users\bobwrit\documents\code\eggn 491-492 senior design\kinect samples\skeletonbasics-d2d\debug\skeleton.a0e290c0.tlog\rc.read.1.tlog
c:\users\bobwrit\documents\code\eggn 491-492 senior design\kinect samples\skeletonbasics-d2d\debug\skeleton.a0e290c0.tlog\rc.write.1.tlog
